{"/Users/songsiqi/Documents/workspace/gitlab/px2rem/lib/px2rem.js":{"path":"/Users/songsiqi/Documents/workspace/gitlab/px2rem/lib/px2rem.js","s":{"1":1,"2":1,"3":1,"4":1,"5":1,"6":2,"7":2,"8":1,"9":6,"10":6,"11":6,"12":6,"13":1,"14":12,"15":72,"16":6,"17":66,"18":18,"19":48,"20":300,"21":156,"22":156,"23":84,"24":12,"25":12,"26":72,"27":48,"28":144,"29":12,"30":6,"31":6,"32":1,"33":2,"34":2,"35":2,"36":1,"37":4,"38":24,"39":2,"40":22,"41":6,"42":16,"43":16,"44":48,"45":48,"46":48,"47":48,"48":60,"49":48,"50":48,"51":16,"52":100,"53":52,"54":52,"55":28,"56":16,"57":48,"58":48,"59":48,"60":48,"61":16,"62":16,"63":12,"64":4,"65":8,"66":24,"67":16,"68":12,"69":4,"70":2,"71":2,"72":1,"73":16,"74":132,"75":100,"76":448,"77":1,"78":224,"79":224,"80":1,"81":272,"82":272,"83":224,"84":272,"85":1},"b":{"1":[6,0],"2":[6,66],"3":[18,48],"4":[156,144],"5":[300,204],"6":[84,72],"7":[156,132],"8":[12,72],"9":[48,24],"10":[2,22],"11":[6,16],"12":[52,48],"13":[100,68],"14":[28,24],"15":[52,44],"16":[16,12],"17":[4,8],"18":[12,4],"19":[100,32],"20":[40,232],"21":[228,44]},"f":{"1":2,"2":6,"3":12,"4":72,"5":300,"6":2,"7":4,"8":24,"9":60,"10":100,"11":16,"12":132,"13":448,"14":224,"15":272,"16":272},"fnMap":{"1":{"name":"Px2rem","line":17,"loc":{"start":{"line":17,"column":0},"end":{"line":17,"column":25}}},"2":{"name":"(anonymous_2)","line":23,"loc":{"start":{"line":23,"column":33},"end":{"line":23,"column":56}}},"3":{"name":"processRules","line":29,"loc":{"start":{"line":29,"column":4},"end":{"line":29,"column":33}}},"4":{"name":"(anonymous_4)","line":30,"loc":{"start":{"line":30,"column":22},"end":{"line":30,"column":37}}},"5":{"name":"(anonymous_5)","line":37,"loc":{"start":{"line":37,"column":38},"end":{"line":37,"column":63}}},"6":{"name":"(anonymous_6)","line":63,"loc":{"start":{"line":63,"column":31},"end":{"line":63,"column":49}}},"7":{"name":"processRules","line":68,"loc":{"start":{"line":68,"column":4},"end":{"line":68,"column":33}}},"8":{"name":"(anonymous_8)","line":69,"loc":{"start":{"line":69,"column":22},"end":{"line":69,"column":37}}},"9":{"name":"(anonymous_9)","line":82,"loc":{"start":{"line":82,"column":39},"end":{"line":82,"column":53}}},"10":{"name":"(anonymous_10)","line":89,"loc":{"start":{"line":89,"column":38},"end":{"line":89,"column":63}}},"11":{"name":"(anonymous_11)","line":130,"loc":{"start":{"line":130,"column":37},"end":{"line":130,"column":53}}},"12":{"name":"(anonymous_12)","line":131,"loc":{"start":{"line":131,"column":18},"end":{"line":131,"column":36}}},"13":{"name":"(anonymous_13)","line":133,"loc":{"start":{"line":133,"column":57},"end":{"line":133,"column":79}}},"14":{"name":"(anonymous_14)","line":141,"loc":{"start":{"line":141,"column":33},"end":{"line":141,"column":60}}},"15":{"name":"getValue","line":145,"loc":{"start":{"line":145,"column":4},"end":{"line":145,"column":27}}},"16":{"name":"(anonymous_16)","line":150,"loc":{"start":{"line":150,"column":30},"end":{"line":150,"column":47}}}},"statementMap":{"1":{"start":{"line":3,"column":0},"end":{"line":3,"column":25}},"2":{"start":{"line":4,"column":0},"end":{"line":4,"column":31}},"3":{"start":{"line":7,"column":0},"end":{"line":13,"column":2}},"4":{"start":{"line":14,"column":0},"end":{"line":14,"column":37}},"5":{"start":{"line":17,"column":0},"end":{"line":20,"column":1}},"6":{"start":{"line":18,"column":4},"end":{"line":18,"column":21}},"7":{"start":{"line":19,"column":4},"end":{"line":19,"column":48}},"8":{"start":{"line":23,"column":0},"end":{"line":60,"column":2}},"9":{"start":{"line":24,"column":4},"end":{"line":24,"column":19}},"10":{"start":{"line":25,"column":4},"end":{"line":25,"column":20}},"11":{"start":{"line":26,"column":4},"end":{"line":26,"column":29}},"12":{"start":{"line":27,"column":4},"end":{"line":27,"column":36}},"13":{"start":{"line":29,"column":4},"end":{"line":55,"column":5}},"14":{"start":{"line":30,"column":8},"end":{"line":52,"column":11}},"15":{"start":{"line":31,"column":12},"end":{"line":35,"column":13}},"16":{"start":{"line":32,"column":16},"end":{"line":32,"column":48}},"17":{"start":{"line":33,"column":19},"end":{"line":35,"column":13}},"18":{"start":{"line":34,"column":16},"end":{"line":34,"column":23}},"19":{"start":{"line":37,"column":12},"end":{"line":51,"column":15}},"20":{"start":{"line":39,"column":16},"end":{"line":50,"column":17}},"21":{"start":{"line":40,"column":20},"end":{"line":40,"column":67}},"22":{"start":{"line":41,"column":20},"end":{"line":48,"column":21}},"23":{"start":{"line":42,"column":24},"end":{"line":47,"column":25}},"24":{"start":{"line":43,"column":28},"end":{"line":43,"column":60}},"25":{"start":{"line":44,"column":28},"end":{"line":44,"column":35}},"26":{"start":{"line":45,"column":31},"end":{"line":47,"column":25}},"27":{"start":{"line":46,"column":28},"end":{"line":46,"column":60}},"28":{"start":{"line":49,"column":20},"end":{"line":49,"column":89}},"29":{"start":{"line":54,"column":8},"end":{"line":54,"column":38}},"30":{"start":{"line":57,"column":4},"end":{"line":57,"column":42}},"31":{"start":{"line":59,"column":4},"end":{"line":59,"column":33}},"32":{"start":{"line":63,"column":0},"end":{"line":127,"column":2}},"33":{"start":{"line":64,"column":4},"end":{"line":64,"column":20}},"34":{"start":{"line":65,"column":4},"end":{"line":65,"column":29}},"35":{"start":{"line":66,"column":4},"end":{"line":66,"column":36}},"36":{"start":{"line":68,"column":4},"end":{"line":122,"column":5}},"37":{"start":{"line":69,"column":8},"end":{"line":119,"column":11}},"38":{"start":{"line":70,"column":12},"end":{"line":74,"column":13}},"39":{"start":{"line":71,"column":16},"end":{"line":71,"column":48}},"40":{"start":{"line":72,"column":19},"end":{"line":74,"column":13}},"41":{"start":{"line":73,"column":16},"end":{"line":73,"column":23}},"42":{"start":{"line":77,"column":12},"end":{"line":77,"column":30}},"43":{"start":{"line":78,"column":12},"end":{"line":87,"column":13}},"44":{"start":{"line":79,"column":16},"end":{"line":79,"column":33}},"45":{"start":{"line":80,"column":16},"end":{"line":80,"column":41}},"46":{"start":{"line":81,"column":16},"end":{"line":81,"column":39}},"47":{"start":{"line":82,"column":16},"end":{"line":84,"column":19}},"48":{"start":{"line":83,"column":20},"end":{"line":83,"column":78}},"49":{"start":{"line":85,"column":16},"end":{"line":85,"column":42}},"50":{"start":{"line":86,"column":16},"end":{"line":86,"column":39}},"51":{"start":{"line":89,"column":12},"end":{"line":113,"column":15}},"52":{"start":{"line":91,"column":16},"end":{"line":112,"column":17}},"53":{"start":{"line":92,"column":20},"end":{"line":92,"column":67}},"54":{"start":{"line":93,"column":20},"end":{"line":111,"column":21}},"55":{"start":{"line":94,"column":24},"end":{"line":108,"column":25}},"56":{"start":{"line":96,"column":28},"end":{"line":101,"column":29}},"57":{"start":{"line":97,"column":32},"end":{"line":97,"column":56}},"58":{"start":{"line":98,"column":32},"end":{"line":98,"column":74}},"59":{"start":{"line":99,"column":32},"end":{"line":99,"column":107}},"60":{"start":{"line":100,"column":32},"end":{"line":100,"column":84}},"61":{"start":{"line":102,"column":28},"end":{"line":102,"column":56}},"62":{"start":{"line":103,"column":28},"end":{"line":103,"column":60}},"63":{"start":{"line":104,"column":31},"end":{"line":108,"column":25}},"64":{"start":{"line":105,"column":28},"end":{"line":105,"column":60}},"65":{"start":{"line":107,"column":28},"end":{"line":107,"column":93}},"66":{"start":{"line":110,"column":24},"end":{"line":110,"column":89}},"67":{"start":{"line":116,"column":12},"end":{"line":118,"column":13}},"68":{"start":{"line":117,"column":16},"end":{"line":117,"column":49}},"69":{"start":{"line":121,"column":8},"end":{"line":121,"column":38}},"70":{"start":{"line":124,"column":4},"end":{"line":124,"column":42}},"71":{"start":{"line":126,"column":4},"end":{"line":126,"column":33}},"72":{"start":{"line":130,"column":0},"end":{"line":138,"column":2}},"73":{"start":{"line":131,"column":4},"end":{"line":137,"column":7}},"74":{"start":{"line":132,"column":8},"end":{"line":136,"column":9}},"75":{"start":{"line":133,"column":12},"end":{"line":135,"column":15}},"76":{"start":{"line":134,"column":16},"end":{"line":134,"column":45}},"77":{"start":{"line":141,"column":0},"end":{"line":153,"column":2}},"78":{"start":{"line":142,"column":4},"end":{"line":142,"column":29}},"79":{"start":{"line":143,"column":4},"end":{"line":143,"column":38}},"80":{"start":{"line":145,"column":4},"end":{"line":148,"column":5}},"81":{"start":{"line":146,"column":8},"end":{"line":146,"column":59}},"82":{"start":{"line":147,"column":8},"end":{"line":147,"column":43}},"83":{"start":{"line":150,"column":4},"end":{"line":152,"column":7}},"84":{"start":{"line":151,"column":8},"end":{"line":151,"column":99}},"85":{"start":{"line":155,"column":0},"end":{"line":155,"column":24}}},"branchMap":{"1":{"line":24,"type":"binary-expr","locations":[{"start":{"line":24,"column":10},"end":{"line":24,"column":13}},{"start":{"line":24,"column":17},"end":{"line":24,"column":18}}]},"2":{"line":31,"type":"if","locations":[{"start":{"line":31,"column":12},"end":{"line":31,"column":12}},{"start":{"line":31,"column":12},"end":{"line":31,"column":12}}]},"3":{"line":33,"type":"if","locations":[{"start":{"line":33,"column":19},"end":{"line":33,"column":19}},{"start":{"line":33,"column":19},"end":{"line":33,"column":19}}]},"4":{"line":39,"type":"if","locations":[{"start":{"line":39,"column":16},"end":{"line":39,"column":16}},{"start":{"line":39,"column":16},"end":{"line":39,"column":16}}]},"5":{"line":39,"type":"binary-expr","locations":[{"start":{"line":39,"column":20},"end":{"line":39,"column":54}},{"start":{"line":39,"column":58},"end":{"line":39,"column":86}}]},"6":{"line":41,"type":"if","locations":[{"start":{"line":41,"column":20},"end":{"line":41,"column":20}},{"start":{"line":41,"column":20},"end":{"line":41,"column":20}}]},"7":{"line":41,"type":"binary-expr","locations":[{"start":{"line":41,"column":24},"end":{"line":41,"column":39}},{"start":{"line":41,"column":43},"end":{"line":41,"column":77}}]},"8":{"line":42,"type":"if","locations":[{"start":{"line":42,"column":24},"end":{"line":42,"column":24}},{"start":{"line":42,"column":24},"end":{"line":42,"column":24}}]},"9":{"line":45,"type":"if","locations":[{"start":{"line":45,"column":31},"end":{"line":45,"column":31}},{"start":{"line":45,"column":31},"end":{"line":45,"column":31}}]},"10":{"line":70,"type":"if","locations":[{"start":{"line":70,"column":12},"end":{"line":70,"column":12}},{"start":{"line":70,"column":12},"end":{"line":70,"column":12}}]},"11":{"line":72,"type":"if","locations":[{"start":{"line":72,"column":19},"end":{"line":72,"column":19}},{"start":{"line":72,"column":19},"end":{"line":72,"column":19}}]},"12":{"line":91,"type":"if","locations":[{"start":{"line":91,"column":16},"end":{"line":91,"column":16}},{"start":{"line":91,"column":16},"end":{"line":91,"column":16}}]},"13":{"line":91,"type":"binary-expr","locations":[{"start":{"line":91,"column":20},"end":{"line":91,"column":54}},{"start":{"line":91,"column":58},"end":{"line":91,"column":86}}]},"14":{"line":93,"type":"if","locations":[{"start":{"line":93,"column":20},"end":{"line":93,"column":20}},{"start":{"line":93,"column":20},"end":{"line":93,"column":20}}]},"15":{"line":93,"type":"binary-expr","locations":[{"start":{"line":93,"column":24},"end":{"line":93,"column":39}},{"start":{"line":93,"column":43},"end":{"line":93,"column":77}}]},"16":{"line":94,"type":"if","locations":[{"start":{"line":94,"column":24},"end":{"line":94,"column":24}},{"start":{"line":94,"column":24},"end":{"line":94,"column":24}}]},"17":{"line":104,"type":"if","locations":[{"start":{"line":104,"column":31},"end":{"line":104,"column":31}},{"start":{"line":104,"column":31},"end":{"line":104,"column":31}}]},"18":{"line":116,"type":"if","locations":[{"start":{"line":116,"column":12},"end":{"line":116,"column":12}},{"start":{"line":116,"column":12},"end":{"line":116,"column":12}}]},"19":{"line":132,"type":"if","locations":[{"start":{"line":132,"column":8},"end":{"line":132,"column":8}},{"start":{"line":132,"column":8},"end":{"line":132,"column":8}}]},"20":{"line":147,"type":"cond-expr","locations":[{"start":{"line":147,"column":26},"end":{"line":147,"column":29}},{"start":{"line":147,"column":32},"end":{"line":147,"column":42}}]},"21":{"line":151,"type":"cond-expr","locations":[{"start":{"line":151,"column":31},"end":{"line":151,"column":66}},{"start":{"line":151,"column":69},"end":{"line":151,"column":98}}]}}}}