{"/Users/songsiqi/Documents/workspace/gitlab/px2rem/lib/px2rem.js":{"path":"/Users/songsiqi/Documents/workspace/gitlab/px2rem/lib/px2rem.js","s":{"1":1,"2":1,"3":1,"4":1,"5":1,"6":2,"7":2,"8":1,"9":6,"10":6,"11":6,"12":6,"13":1,"14":12,"15":84,"16":84,"17":6,"18":6,"19":78,"20":18,"21":60,"22":60,"23":252,"24":252,"25":168,"26":168,"27":96,"28":12,"29":12,"30":84,"31":60,"32":156,"33":6,"34":6,"35":1,"36":2,"37":2,"38":2,"39":1,"40":4,"41":28,"42":28,"43":2,"44":2,"45":26,"46":6,"47":20,"48":20,"49":60,"50":60,"51":60,"52":72,"53":60,"54":60,"55":20,"56":20,"57":84,"58":84,"59":56,"60":56,"61":32,"62":20,"63":4,"64":4,"65":4,"66":16,"67":48,"68":48,"69":48,"70":48,"71":16,"72":16,"73":12,"74":4,"75":8,"76":24,"77":20,"78":4,"79":4,"80":20,"81":12,"82":12,"83":2,"84":2,"85":1,"86":236,"87":236,"88":1,"89":284,"90":284,"91":236,"92":284,"93":1},"b":{"1":[6,0],"2":[6,78],"3":[18,60],"4":[168,84],"5":[252,216],"6":[96,72],"7":[168,144],"8":[12,84],"9":[60,24],"10":[2,26],"11":[6,20],"12":[56,28],"13":[84,72],"14":[32,24],"15":[56,48],"16":[20,12],"17":[4,16],"18":[4,8],"19":[4,16],"20":[12,8],"21":[28,256],"22":[240,44]},"f":{"1":2,"2":6,"3":12,"4":2,"5":4,"6":72,"7":236,"8":284,"9":284},"fnMap":{"1":{"name":"Px2rem","line":16,"loc":{"start":{"line":16,"column":0},"end":{"line":16,"column":25}}},"2":{"name":"(anonymous_2)","line":22,"loc":{"start":{"line":22,"column":33},"end":{"line":22,"column":56}}},"3":{"name":"processRules","line":28,"loc":{"start":{"line":28,"column":4},"end":{"line":28,"column":33}}},"4":{"name":"(anonymous_4)","line":64,"loc":{"start":{"line":64,"column":31},"end":{"line":64,"column":49}}},"5":{"name":"processRules","line":69,"loc":{"start":{"line":69,"column":4},"end":{"line":69,"column":33}}},"6":{"name":"(anonymous_6)","line":84,"loc":{"start":{"line":84,"column":55},"end":{"line":84,"column":69}}},"7":{"name":"(anonymous_7)","line":145,"loc":{"start":{"line":145,"column":33},"end":{"line":145,"column":60}}},"8":{"name":"getValue","line":149,"loc":{"start":{"line":149,"column":4},"end":{"line":149,"column":27}}},"9":{"name":"(anonymous_9)","line":154,"loc":{"start":{"line":154,"column":41},"end":{"line":154,"column":58}}}},"statementMap":{"1":{"start":{"line":3,"column":0},"end":{"line":3,"column":25}},"2":{"start":{"line":4,"column":0},"end":{"line":4,"column":31}},"3":{"start":{"line":6,"column":0},"end":{"line":12,"column":2}},"4":{"start":{"line":14,"column":0},"end":{"line":14,"column":37}},"5":{"start":{"line":16,"column":0},"end":{"line":19,"column":1}},"6":{"start":{"line":17,"column":4},"end":{"line":17,"column":21}},"7":{"start":{"line":18,"column":4},"end":{"line":18,"column":48}},"8":{"start":{"line":22,"column":0},"end":{"line":61,"column":2}},"9":{"start":{"line":23,"column":4},"end":{"line":23,"column":19}},"10":{"start":{"line":24,"column":4},"end":{"line":24,"column":20}},"11":{"start":{"line":25,"column":4},"end":{"line":25,"column":29}},"12":{"start":{"line":26,"column":4},"end":{"line":26,"column":36}},"13":{"start":{"line":28,"column":4},"end":{"line":56,"column":5}},"14":{"start":{"line":29,"column":8},"end":{"line":55,"column":9}},"15":{"start":{"line":30,"column":12},"end":{"line":30,"column":32}},"16":{"start":{"line":31,"column":12},"end":{"line":36,"column":13}},"17":{"start":{"line":32,"column":16},"end":{"line":32,"column":41}},"18":{"start":{"line":33,"column":16},"end":{"line":33,"column":25}},"19":{"start":{"line":34,"column":19},"end":{"line":36,"column":13}},"20":{"start":{"line":35,"column":16},"end":{"line":35,"column":25}},"21":{"start":{"line":38,"column":12},"end":{"line":38,"column":49}},"22":{"start":{"line":39,"column":12},"end":{"line":54,"column":13}},"23":{"start":{"line":40,"column":16},"end":{"line":40,"column":50}},"24":{"start":{"line":42,"column":16},"end":{"line":53,"column":17}},"25":{"start":{"line":43,"column":20},"end":{"line":43,"column":67}},"26":{"start":{"line":44,"column":20},"end":{"line":51,"column":21}},"27":{"start":{"line":45,"column":24},"end":{"line":50,"column":25}},"28":{"start":{"line":46,"column":28},"end":{"line":46,"column":58}},"29":{"start":{"line":47,"column":28},"end":{"line":47,"column":37}},"30":{"start":{"line":48,"column":31},"end":{"line":50,"column":25}},"31":{"start":{"line":49,"column":28},"end":{"line":49,"column":58}},"32":{"start":{"line":52,"column":20},"end":{"line":52,"column":89}},"33":{"start":{"line":58,"column":4},"end":{"line":58,"column":42}},"34":{"start":{"line":60,"column":4},"end":{"line":60,"column":33}},"35":{"start":{"line":64,"column":0},"end":{"line":142,"column":2}},"36":{"start":{"line":65,"column":4},"end":{"line":65,"column":20}},"37":{"start":{"line":66,"column":4},"end":{"line":66,"column":29}},"38":{"start":{"line":67,"column":4},"end":{"line":67,"column":36}},"39":{"start":{"line":69,"column":4},"end":{"line":137,"column":5}},"40":{"start":{"line":70,"column":8},"end":{"line":136,"column":9}},"41":{"start":{"line":71,"column":12},"end":{"line":71,"column":32}},"42":{"start":{"line":72,"column":12},"end":{"line":77,"column":13}},"43":{"start":{"line":73,"column":16},"end":{"line":73,"column":41}},"44":{"start":{"line":74,"column":16},"end":{"line":74,"column":25}},"45":{"start":{"line":75,"column":19},"end":{"line":77,"column":13}},"46":{"start":{"line":76,"column":16},"end":{"line":76,"column":25}},"47":{"start":{"line":80,"column":12},"end":{"line":80,"column":30}},"48":{"start":{"line":81,"column":12},"end":{"line":89,"column":13}},"49":{"start":{"line":82,"column":16},"end":{"line":82,"column":33}},"50":{"start":{"line":83,"column":16},"end":{"line":83,"column":41}},"51":{"start":{"line":84,"column":16},"end":{"line":86,"column":19}},"52":{"start":{"line":85,"column":20},"end":{"line":85,"column":61}},"53":{"start":{"line":87,"column":16},"end":{"line":87,"column":42}},"54":{"start":{"line":88,"column":16},"end":{"line":88,"column":39}},"55":{"start":{"line":91,"column":12},"end":{"line":91,"column":49}},"56":{"start":{"line":92,"column":12},"end":{"line":123,"column":13}},"57":{"start":{"line":93,"column":16},"end":{"line":93,"column":50}},"58":{"start":{"line":95,"column":16},"end":{"line":122,"column":17}},"59":{"start":{"line":96,"column":20},"end":{"line":96,"column":67}},"60":{"start":{"line":97,"column":20},"end":{"line":121,"column":21}},"61":{"start":{"line":98,"column":24},"end":{"line":118,"column":25}},"62":{"start":{"line":100,"column":28},"end":{"line":104,"column":29}},"63":{"start":{"line":101,"column":32},"end":{"line":101,"column":56}},"64":{"start":{"line":102,"column":32},"end":{"line":102,"column":62}},"65":{"start":{"line":103,"column":32},"end":{"line":103,"column":41}},"66":{"start":{"line":106,"column":28},"end":{"line":111,"column":29}},"67":{"start":{"line":107,"column":32},"end":{"line":107,"column":56}},"68":{"start":{"line":108,"column":32},"end":{"line":108,"column":74}},"69":{"start":{"line":109,"column":32},"end":{"line":109,"column":107}},"70":{"start":{"line":110,"column":32},"end":{"line":110,"column":84}},"71":{"start":{"line":112,"column":28},"end":{"line":112,"column":54}},"72":{"start":{"line":113,"column":28},"end":{"line":113,"column":32}},"73":{"start":{"line":114,"column":31},"end":{"line":118,"column":25}},"74":{"start":{"line":115,"column":28},"end":{"line":115,"column":58}},"75":{"start":{"line":117,"column":28},"end":{"line":117,"column":93}},"76":{"start":{"line":120,"column":24},"end":{"line":120,"column":89}},"77":{"start":{"line":126,"column":12},"end":{"line":129,"column":13}},"78":{"start":{"line":127,"column":16},"end":{"line":127,"column":35}},"79":{"start":{"line":128,"column":16},"end":{"line":128,"column":20}},"80":{"start":{"line":132,"column":12},"end":{"line":135,"column":13}},"81":{"start":{"line":133,"column":16},"end":{"line":133,"column":78}},"82":{"start":{"line":134,"column":16},"end":{"line":134,"column":23}},"83":{"start":{"line":139,"column":4},"end":{"line":139,"column":42}},"84":{"start":{"line":141,"column":4},"end":{"line":141,"column":33}},"85":{"start":{"line":145,"column":0},"end":{"line":157,"column":2}},"86":{"start":{"line":146,"column":4},"end":{"line":146,"column":29}},"87":{"start":{"line":147,"column":4},"end":{"line":147,"column":58}},"88":{"start":{"line":149,"column":4},"end":{"line":152,"column":5}},"89":{"start":{"line":150,"column":8},"end":{"line":150,"column":59}},"90":{"start":{"line":151,"column":8},"end":{"line":151,"column":43}},"91":{"start":{"line":154,"column":4},"end":{"line":156,"column":7}},"92":{"start":{"line":155,"column":8},"end":{"line":155,"column":99}},"93":{"start":{"line":159,"column":0},"end":{"line":159,"column":24}}},"branchMap":{"1":{"line":23,"type":"binary-expr","locations":[{"start":{"line":23,"column":10},"end":{"line":23,"column":13}},{"start":{"line":23,"column":17},"end":{"line":23,"column":18}}]},"2":{"line":31,"type":"if","locations":[{"start":{"line":31,"column":12},"end":{"line":31,"column":12}},{"start":{"line":31,"column":12},"end":{"line":31,"column":12}}]},"3":{"line":34,"type":"if","locations":[{"start":{"line":34,"column":19},"end":{"line":34,"column":19}},{"start":{"line":34,"column":19},"end":{"line":34,"column":19}}]},"4":{"line":42,"type":"if","locations":[{"start":{"line":42,"column":16},"end":{"line":42,"column":16}},{"start":{"line":42,"column":16},"end":{"line":42,"column":16}}]},"5":{"line":42,"type":"binary-expr","locations":[{"start":{"line":42,"column":20},"end":{"line":42,"column":54}},{"start":{"line":42,"column":58},"end":{"line":42,"column":90}}]},"6":{"line":44,"type":"if","locations":[{"start":{"line":44,"column":20},"end":{"line":44,"column":20}},{"start":{"line":44,"column":20},"end":{"line":44,"column":20}}]},"7":{"line":44,"type":"binary-expr","locations":[{"start":{"line":44,"column":24},"end":{"line":44,"column":39}},{"start":{"line":44,"column":43},"end":{"line":44,"column":77}}]},"8":{"line":45,"type":"if","locations":[{"start":{"line":45,"column":24},"end":{"line":45,"column":24}},{"start":{"line":45,"column":24},"end":{"line":45,"column":24}}]},"9":{"line":48,"type":"if","locations":[{"start":{"line":48,"column":31},"end":{"line":48,"column":31}},{"start":{"line":48,"column":31},"end":{"line":48,"column":31}}]},"10":{"line":72,"type":"if","locations":[{"start":{"line":72,"column":12},"end":{"line":72,"column":12}},{"start":{"line":72,"column":12},"end":{"line":72,"column":12}}]},"11":{"line":75,"type":"if","locations":[{"start":{"line":75,"column":19},"end":{"line":75,"column":19}},{"start":{"line":75,"column":19},"end":{"line":75,"column":19}}]},"12":{"line":95,"type":"if","locations":[{"start":{"line":95,"column":16},"end":{"line":95,"column":16}},{"start":{"line":95,"column":16},"end":{"line":95,"column":16}}]},"13":{"line":95,"type":"binary-expr","locations":[{"start":{"line":95,"column":20},"end":{"line":95,"column":54}},{"start":{"line":95,"column":58},"end":{"line":95,"column":90}}]},"14":{"line":97,"type":"if","locations":[{"start":{"line":97,"column":20},"end":{"line":97,"column":20}},{"start":{"line":97,"column":20},"end":{"line":97,"column":20}}]},"15":{"line":97,"type":"binary-expr","locations":[{"start":{"line":97,"column":24},"end":{"line":97,"column":39}},{"start":{"line":97,"column":43},"end":{"line":97,"column":77}}]},"16":{"line":98,"type":"if","locations":[{"start":{"line":98,"column":24},"end":{"line":98,"column":24}},{"start":{"line":98,"column":24},"end":{"line":98,"column":24}}]},"17":{"line":100,"type":"if","locations":[{"start":{"line":100,"column":28},"end":{"line":100,"column":28}},{"start":{"line":100,"column":28},"end":{"line":100,"column":28}}]},"18":{"line":114,"type":"if","locations":[{"start":{"line":114,"column":31},"end":{"line":114,"column":31}},{"start":{"line":114,"column":31},"end":{"line":114,"column":31}}]},"19":{"line":126,"type":"if","locations":[{"start":{"line":126,"column":12},"end":{"line":126,"column":12}},{"start":{"line":126,"column":12},"end":{"line":126,"column":12}}]},"20":{"line":132,"type":"if","locations":[{"start":{"line":132,"column":12},"end":{"line":132,"column":12}},{"start":{"line":132,"column":12},"end":{"line":132,"column":12}}]},"21":{"line":151,"type":"cond-expr","locations":[{"start":{"line":151,"column":26},"end":{"line":151,"column":29}},{"start":{"line":151,"column":32},"end":{"line":151,"column":42}}]},"22":{"line":155,"type":"cond-expr","locations":[{"start":{"line":155,"column":31},"end":{"line":155,"column":66}},{"start":{"line":155,"column":69},"end":{"line":155,"column":98}}]}}}}