TN:
SF:/Users/hongru/Work/gitlab/One-Request/px2rem/src/px2rem.js
FN:15,Px2rem
FN:22,(anonymous_2)
FN:26,(anonymous_3)
FN:30,(anonymous_4)
FN:54,(anonymous_5)
FN:59,(anonymous_6)
FN:69,(anonymous_7)
FN:76,(anonymous_8)
FN:102,(anonymous_9)
FN:109,(anonymous_10)
FN:119,(anonymous_11)
FN:120,(anonymous_12)
FN:124,(anonymous_13)
FN:130,(anonymous_14)
FN:139,(anonymous_15)
FN:145,(anonymous_16)
FN:157,(anonymous_17)
FNF:17
FNH:17
FNDA:4,Px2rem
FNDA:3,(anonymous_2)
FNDA:12,(anonymous_3)
FNDA:45,(anonymous_4)
FNDA:1,(anonymous_5)
FNDA:4,(anonymous_6)
FNDA:12,(anonymous_7)
FNDA:15,(anonymous_8)
FNDA:6,(anonymous_9)
FNDA:6,(anonymous_10)
FNDA:4,(anonymous_11)
FNDA:22,(anonymous_12)
FNDA:69,(anonymous_13)
FNDA:22,(anonymous_14)
FNDA:21,(anonymous_15)
FNDA:18,(anonymous_16)
FNDA:3,(anonymous_17)
DA:1,1
DA:2,1
DA:3,1
DA:6,1
DA:15,1
DA:16,4
DA:17,4
DA:18,4
DA:22,1
DA:23,3
DA:24,3
DA:25,3
DA:26,3
DA:27,12
DA:28,3
DA:30,9
DA:32,45
DA:33,21
DA:34,21
DA:35,12
DA:36,3
DA:37,3
DA:39,9
DA:40,9
DA:43,9
DA:48,3
DA:49,3
DA:50,3
DA:54,1
DA:55,1
DA:56,1
DA:57,1
DA:58,1
DA:59,1
DA:60,4
DA:61,1
DA:64,3
DA:65,3
DA:66,9
DA:67,9
DA:68,9
DA:69,9
DA:70,12
DA:72,9
DA:73,9
DA:76,3
DA:78,15
DA:79,7
DA:80,7
DA:81,4
DA:82,3
DA:83,9
DA:84,9
DA:85,9
DA:86,9
DA:88,3
DA:89,3
DA:91,4
DA:92,1
DA:93,1
DA:96,3
DA:101,3
DA:102,2
DA:103,6
DA:109,1
DA:110,6
DA:113,1
DA:114,1
DA:115,1
DA:119,1
DA:120,4
DA:121,22
DA:122,4
DA:124,18
DA:125,69
DA:126,19
DA:130,4
DA:131,22
DA:132,4
DA:134,18
DA:139,1
DA:140,21
DA:141,21
DA:142,21
DA:143,21
DA:145,18
DA:146,18
DA:152,18
DA:154,18
DA:157,3
DA:158,3
DA:159,3
DA:160,3
DA:162,3
DA:164,3
DA:166,21
DA:169,1
LF:97
LH:97
BRDA:27,1,0,3
BRDA:27,1,1,9
BRDA:32,2,0,21
BRDA:32,2,1,24
BRDA:32,3,0,45
BRDA:32,3,1,30
BRDA:34,4,0,12
BRDA:34,4,1,9
BRDA:34,5,0,21
BRDA:34,5,1,18
BRDA:35,6,0,3
BRDA:35,6,1,9
BRDA:39,7,0,9
BRDA:39,7,1,0
BRDA:60,8,0,1
BRDA:60,8,1,3
BRDA:78,9,0,7
BRDA:78,9,1,8
BRDA:78,10,0,15
BRDA:78,10,1,10
BRDA:80,11,0,4
BRDA:80,11,1,3
BRDA:80,12,0,7
BRDA:80,12,1,6
BRDA:81,13,0,3
BRDA:81,13,1,1
BRDA:91,14,0,1
BRDA:91,14,1,3
BRDA:101,15,0,2
BRDA:101,15,1,1
BRDA:121,16,0,4
BRDA:121,16,1,18
BRDA:125,17,0,19
BRDA:125,17,1,50
BRDA:131,18,0,4
BRDA:131,18,1,18
BRDA:143,19,0,18
BRDA:143,19,1,3
BRDA:143,19,2,3
BRDA:159,20,0,3
BRDA:159,20,1,0
BRF:41
BRH:39
end_of_record
