TN:
SF:/Users/songsiqi/Documents/workspace/gitlab/px2rem/src/px2rem.js
FN:17,Px2rem
FN:24,(anonymous_2)
FN:29,(anonymous_3)
FN:33,(anonymous_4)
FN:56,(anonymous_5)
FN:61,(anonymous_6)
FN:71,(anonymous_7)
FN:78,(anonymous_8)
FN:107,(anonymous_9)
FN:114,(anonymous_10)
FN:124,(anonymous_11)
FN:125,(anonymous_12)
FN:129,(anonymous_13)
FN:135,(anonymous_14)
FN:144,(anonymous_15)
FN:151,getValue
FN:164,(anonymous_17)
FN:170,(anonymous_18)
FNF:18
FNH:18
FNDA:4,Px2rem
FNDA:3,(anonymous_2)
FNDA:12,(anonymous_3)
FNDA:60,(anonymous_4)
FNDA:1,(anonymous_5)
FNDA:4,(anonymous_6)
FNDA:12,(anonymous_7)
FNDA:20,(anonymous_8)
FNDA:6,(anonymous_9)
FNDA:6,(anonymous_10)
FNDA:4,(anonymous_11)
FNDA:22,(anonymous_12)
FNDA:89,(anonymous_13)
FNDA:22,(anonymous_14)
FNDA:45,(anonymous_15)
FNDA:57,getValue
FNDA:45,(anonymous_17)
FNDA:12,(anonymous_18)
DA:3,1
DA:4,1
DA:5,1
DA:8,1
DA:17,1
DA:18,4
DA:19,4
DA:20,4
DA:24,1
DA:25,3
DA:26,3
DA:27,3
DA:28,3
DA:29,3
DA:30,12
DA:31,3
DA:33,9
DA:35,60
DA:36,30
DA:37,30
DA:38,18
DA:39,3
DA:40,3
DA:42,15
DA:43,9
DA:46,27
DA:50,3
DA:51,3
DA:52,3
DA:56,1
DA:57,1
DA:58,1
DA:59,1
DA:60,1
DA:61,1
DA:62,4
DA:63,1
DA:66,3
DA:67,3
DA:68,9
DA:69,9
DA:70,9
DA:71,9
DA:72,12
DA:74,9
DA:75,9
DA:78,3
DA:80,20
DA:81,10
DA:82,10
DA:83,6
DA:85,3
DA:86,9
DA:87,9
DA:88,9
DA:89,9
DA:91,3
DA:92,3
DA:94,6
DA:95,1
DA:96,1
DA:98,5
DA:101,4
DA:106,3
DA:107,2
DA:108,6
DA:114,1
DA:115,6
DA:118,1
DA:119,1
DA:120,1
DA:124,1
DA:125,4
DA:126,22
DA:127,4
DA:129,18
DA:130,89
DA:131,19
DA:135,4
DA:136,22
DA:137,4
DA:139,18
DA:144,1
DA:145,45
DA:146,45
DA:147,45
DA:148,45
DA:151,1
DA:152,57
DA:153,57
DA:154,15
DA:155,15
DA:156,1
DA:159,57
DA:162,45
DA:164,36
DA:165,45
DA:167,36
DA:170,9
DA:171,12
DA:173,9
DA:175,45
DA:178,1
LF:103
LH:103
BRDA:25,1,0,3
BRDA:25,1,1,0
BRDA:30,2,0,3
BRDA:30,2,1,9
BRDA:35,3,0,30
BRDA:35,3,1,30
BRDA:35,4,0,60
BRDA:35,4,1,39
BRDA:37,5,0,18
BRDA:37,5,1,12
BRDA:37,6,0,30
BRDA:37,6,1,27
BRDA:38,7,0,3
BRDA:38,7,1,15
BRDA:42,8,0,9
BRDA:42,8,1,6
BRDA:62,9,0,1
BRDA:62,9,1,3
BRDA:80,10,0,10
BRDA:80,10,1,10
BRDA:80,11,0,20
BRDA:80,11,1,13
BRDA:82,12,0,6
BRDA:82,12,1,4
BRDA:82,13,0,10
BRDA:82,13,1,9
BRDA:83,14,0,3
BRDA:83,14,1,3
BRDA:94,15,0,1
BRDA:94,15,1,5
BRDA:106,16,0,2
BRDA:106,16,1,1
BRDA:126,17,0,4
BRDA:126,17,1,18
BRDA:130,18,0,19
BRDA:130,18,1,70
BRDA:136,19,0,4
BRDA:136,19,1,18
BRDA:153,20,0,15
BRDA:153,20,1,42
BRDA:155,21,0,1
BRDA:155,21,1,14
BRDA:162,22,0,36
BRDA:162,22,1,9
BRDA:162,22,2,9
BRF:45
BRH:44
end_of_record
